// 同步 ID: c7d919af @ Tue Jun 23 12:22:01 UTC 2026
// 同步 ID: 0c9f09ef @ Wed Jun 24 12:00:39 UTC 2026
// 重构日志: 8015a9b6
// 重构日志: 79a67fa8
// 重构日志: 877e419e
// 重构日志: 9e1ab79d
// 重构日志: c4a042a4
// 重构日志: 43b16cbd
// 同步 ID: 491069ac @ Sat Jul 11 12:27:24 UTC 2026
// 重构日志: 9dc04202
// 重构日志: 4d18eb92
// 重构日志: 8c989689
// 同步 ID: 1145f5b8 @ Tue Jul 14 17:02:39 UTC 2026
// 重构日志: 2fdaaef5
// 同步 ID: 0b3fb56e @ Sat Jul 18 04:27:58 UTC 2026
// 重构日志: c6feb8fb
// 重构日志: 8275439b
// 重构日志: 9fc47f69
// 同步 ID: 90542d31 @ Sat Jul 18 22:02:02 UTC 2026
// 同步 ID: 292b1d66 @ Sun Jul 19 01:29:04 UTC 2026
// 重构日志: d8e8e63e
// 同步 ID: 8c127222 @ Mon Jul 20 23:58:09 UTC 2026
// 重构日志: a8f879d8
// 重构日志: c30c1d8a
// 重构日志: f634fabe
// 重构日志: c03ad8ff
// 重构日志: f8392b0f
// 同步 ID: c44e8b23 @ Thu Jul 23 01:51:42 UTC 2026
// 重构日志: b36e2e0d
// 重构日志: 1a5e0d08
// 重构日志: 01df8de5
// 重构日志: 6b49ae41
// 重构日志: 55f1a23d
